gettext-runtime_0.18.1.1-2_win64
gettext-runtime-dev_0.18.1.1-2_win64
zlib_1.2.5-1_win64
zlib-dev_1.2.5-1_win64
glib_2.26.1-1_win64
glib-dev_2.26.1-1_win64
pkg-config_0.23-2_win64
pkg-config-dev_0.23-2_win64
atk_1.32.0-1_win64
atk-dev_1.32.0-1_win64
pango_1.28.3-1_win64
pango-dev_1.28.3-1_win64
pixman_0.20.0-1_win64
pixman-dev_0.20.0-1_win64
cairo_1.10.2-1_win64
cairo-dev_1.10.2-1_win64
fontconfig_2.8.0-2_win64
fontconfig-dev_2.8.0-2_win64
expat_2.0.1-3_win64
expat-dev_2.0.1-3_win64
freetype_2.4.4-1_win64
freetype-dev_2.4.4-1_win64
libpng_1.4.3-1_win64
libpng-dev_1.4.3-1_win64
gtk+_2.22.1-1_win64
gtk+-dev_2.22.1-1_win64
gdk-pixbuf_2.22.1-1_win64
gdk-pixbuf-dev_2.22.1-1_win64
